<?xml version="1.0" encoding="UTF-8"?>
<testsuite name="io.cryptex.ms.wrapper.ripple.api.TransactionControllerTest" tests="1" skipped="0" failures="0" errors="0" timestamp="2020-01-14T19:52:05" hostname="MacBook-Pro-Pasha.local" time="0.512">
  <properties/>
  <testcase name="shouldReturnTrxByHashResponseWhenDataIsCorrectThenOk" classname="io.cryptex.ms.wrapper.ripple.api.TransactionControllerTest" time="0.512"/>
  <system-out><![CDATA[21:52:03.608 [Test worker] DEBUG org.springframework.test.context.junit4.SpringJUnit4ClassRunner - SpringJUnit4ClassRunner constructor called with [class io.cryptex.ms.wrapper.ripple.api.TransactionControllerTest]
21:52:03.613 [Test worker] DEBUG org.springframework.test.context.BootstrapUtils - Instantiating CacheAwareContextLoaderDelegate from class [org.springframework.test.context.cache.DefaultCacheAwareContextLoaderDelegate]
21:52:03.622 [Test worker] DEBUG org.springframework.test.context.BootstrapUtils - Instantiating BootstrapContext using constructor [public org.springframework.test.context.support.DefaultBootstrapContext(java.lang.Class,org.springframework.test.context.CacheAwareContextLoaderDelegate)]
21:52:03.650 [Test worker] DEBUG org.springframework.test.context.BootstrapUtils - Instantiating TestContextBootstrapper for test class [io.cryptex.ms.wrapper.ripple.api.TransactionControllerTest] from class [org.springframework.boot.test.context.SpringBootTestContextBootstrapper]
21:52:03.661 [Test worker] INFO org.springframework.boot.test.context.SpringBootTestContextBootstrapper - Neither @ContextConfiguration nor @ContextHierarchy found for test class [io.cryptex.ms.wrapper.ripple.api.TransactionControllerTest], using SpringBootContextLoader
21:52:03.665 [Test worker] DEBUG org.springframework.test.context.support.AbstractContextLoader - Did not detect default resource location for test class [io.cryptex.ms.wrapper.ripple.api.TransactionControllerTest]: class path resource [io/cryptex/ms/wrapper/ripple/api/TransactionControllerTest-context.xml] does not exist
21:52:03.665 [Test worker] DEBUG org.springframework.test.context.support.AbstractContextLoader - Did not detect default resource location for test class [io.cryptex.ms.wrapper.ripple.api.TransactionControllerTest]: class path resource [io/cryptex/ms/wrapper/ripple/api/TransactionControllerTestContext.groovy] does not exist
21:52:03.666 [Test worker] INFO org.springframework.test.context.support.AbstractContextLoader - Could not detect default resource locations for test class [io.cryptex.ms.wrapper.ripple.api.TransactionControllerTest]: no resource found for suffixes {-context.xml, Context.groovy}.
21:52:03.666 [Test worker] INFO org.springframework.test.context.support.AnnotationConfigContextLoaderUtils - Could not detect default configuration classes for test class [io.cryptex.ms.wrapper.ripple.api.TransactionControllerTest]: TransactionControllerTest does not declare any static, non-private, non-final, nested classes annotated with @Configuration.
21:52:03.699 [Test worker] DEBUG org.springframework.test.context.support.ActiveProfilesUtils - Could not find an 'annotation declaring class' for annotation type [org.springframework.test.context.ActiveProfiles] and class [io.cryptex.ms.wrapper.ripple.api.TransactionControllerTest]
21:52:03.759 [Test worker] DEBUG org.springframework.context.annotation.ClassPathScanningCandidateComponentProvider - Identified candidate component class: file [/Users/Hati_ko/Documents/Projects/devSmile/internship2/wrapper-ripple/build/classes/java/main/io/cryptex/ms/wrapper/ripple/WrapperRippleApplication.class]
21:52:03.760 [Test worker] INFO org.springframework.boot.test.context.SpringBootTestContextBootstrapper - Found @SpringBootConfiguration io.cryptex.ms.wrapper.ripple.WrapperRippleApplication for test class io.cryptex.ms.wrapper.ripple.api.TransactionControllerTest
21:52:03.833 [Test worker] DEBUG org.springframework.boot.test.context.SpringBootTestContextBootstrapper - @TestExecutionListeners is not present for class [io.cryptex.ms.wrapper.ripple.api.TransactionControllerTest]: using defaults.
21:52:03.834 [Test worker] INFO org.springframework.boot.test.context.SpringBootTestContextBootstrapper - Loaded default TestExecutionListener class names from location [META-INF/spring.factories]: [org.springframework.boot.test.autoconfigure.restdocs.RestDocsTestExecutionListener, org.springframework.boot.test.autoconfigure.web.client.MockRestServiceServerResetTestExecutionListener, org.springframework.boot.test.autoconfigure.web.servlet.MockMvcPrintOnlyOnFailureTestExecutionListener, org.springframework.boot.test.autoconfigure.web.servlet.WebDriverTestExecutionListener, org.springframework.boot.test.mock.mockito.MockitoTestExecutionListener, org.springframework.boot.test.mock.mockito.ResetMocksTestExecutionListener, org.springframework.test.context.web.ServletTestExecutionListener, org.springframework.test.context.support.DirtiesContextBeforeModesTestExecutionListener, org.springframework.test.context.support.DependencyInjectionTestExecutionListener, org.springframework.test.context.support.DirtiesContextTestExecutionListener, org.springframework.test.context.transaction.TransactionalTestExecutionListener, org.springframework.test.context.jdbc.SqlScriptsTestExecutionListener, org.springframework.test.context.event.EventPublishingTestExecutionListener]
21:52:03.842 [Test worker] DEBUG org.springframework.boot.test.context.SpringBootTestContextBootstrapper - Skipping candidate TestExecutionListener [org.springframework.test.context.transaction.TransactionalTestExecutionListener] due to a missing dependency. Specify custom listener classes or make the default listener classes and their required dependencies available. Offending class: [org/springframework/transaction/interceptor/TransactionAttributeSource]
21:52:03.843 [Test worker] DEBUG org.springframework.boot.test.context.SpringBootTestContextBootstrapper - Skipping candidate TestExecutionListener [org.springframework.test.context.jdbc.SqlScriptsTestExecutionListener] due to a missing dependency. Specify custom listener classes or make the default listener classes and their required dependencies available. Offending class: [org/springframework/transaction/interceptor/TransactionAttribute]
21:52:03.844 [Test worker] INFO org.springframework.boot.test.context.SpringBootTestContextBootstrapper - Using TestExecutionListeners: [org.springframework.test.context.web.ServletTestExecutionListener@66dd691, org.springframework.test.context.support.DirtiesContextBeforeModesTestExecutionListener@295365a0, org.springframework.boot.test.mock.mockito.MockitoTestExecutionListener@2d281c86, org.springframework.boot.test.autoconfigure.SpringBootDependencyInjectionTestExecutionListener@6377dcc6, org.springframework.test.context.support.DirtiesContextTestExecutionListener@b465767, org.springframework.test.context.event.EventPublishingTestExecutionListener@398a5dca, org.springframework.boot.test.autoconfigure.restdocs.RestDocsTestExecutionListener@54abba51, org.springframework.boot.test.autoconfigure.web.client.MockRestServiceServerResetTestExecutionListener@9e7ddee, org.springframework.boot.test.autoconfigure.web.servlet.MockMvcPrintOnlyOnFailureTestExecutionListener@30a34eda, org.springframework.boot.test.autoconfigure.web.servlet.WebDriverTestExecutionListener@5bac3109, org.springframework.boot.test.mock.mockito.ResetMocksTestExecutionListener@525c611f]
21:52:03.846 [Test worker] DEBUG org.springframework.test.annotation.ProfileValueUtils - Retrieved @ProfileValueSourceConfiguration [null] for test class [io.cryptex.ms.wrapper.ripple.api.TransactionControllerTest]
21:52:03.847 [Test worker] DEBUG org.springframework.test.annotation.ProfileValueUtils - Retrieved ProfileValueSource type [class org.springframework.test.annotation.SystemProfileValueSource] for class [io.cryptex.ms.wrapper.ripple.api.TransactionControllerTest]
21:52:03.847 [Test worker] DEBUG org.springframework.test.annotation.ProfileValueUtils - Retrieved @ProfileValueSourceConfiguration [null] for test class [io.cryptex.ms.wrapper.ripple.api.TransactionControllerTest]
21:52:03.848 [Test worker] DEBUG org.springframework.test.annotation.ProfileValueUtils - Retrieved ProfileValueSource type [class org.springframework.test.annotation.SystemProfileValueSource] for class [io.cryptex.ms.wrapper.ripple.api.TransactionControllerTest]
21:52:03.850 [Test worker] DEBUG org.springframework.test.context.support.AbstractDirtiesContextTestExecutionListener - Before test class: context [DefaultTestContext@232f4da3 testClass = TransactionControllerTest, testInstance = [null], testMethod = [null], testException = [null], mergedContextConfiguration = [WebMergedContextConfiguration@43c494c0 testClass = TransactionControllerTest, locations = '{}', classes = '{class io.cryptex.ms.wrapper.ripple.WrapperRippleApplication}', contextInitializerClasses = '[]', activeProfiles = '{}', propertySourceLocations = '{}', propertySourceProperties = '{org.springframework.boot.test.context.SpringBootTestContextBootstrapper=true}', contextCustomizers = set[org.springframework.boot.test.autoconfigure.properties.PropertyMappingContextCustomizer@0, org.springframework.boot.test.autoconfigure.web.servlet.WebDriverContextCustomizerFactory$Customizer@5df6cc0f, org.springframework.boot.test.context.filter.ExcludeFilterContextCustomizer@32ce791a, org.springframework.boot.test.json.DuplicateJsonObjectContextCustomizerFactory$DuplicateJsonObjectContextCustomizer@28671e95, org.springframework.boot.test.mock.mockito.MockitoContextCustomizer@0, org.springframework.boot.test.web.client.TestRestTemplateContextCustomizer@53bef7d0], resourceBasePath = 'src/main/webapp', contextLoader = 'org.springframework.boot.test.context.SpringBootContextLoader', parent = [null]], attributes = map['org.springframework.test.context.web.ServletTestExecutionListener.activateListener' -> true]], class annotated with @DirtiesContext [false] with mode [null].
21:52:03.852 [Test worker] DEBUG org.springframework.test.annotation.ProfileValueUtils - Retrieved @ProfileValueSourceConfiguration [null] for test class [io.cryptex.ms.wrapper.ripple.api.TransactionControllerTest]
21:52:03.852 [Test worker] DEBUG org.springframework.test.annotation.ProfileValueUtils - Retrieved ProfileValueSource type [class org.springframework.test.annotation.SystemProfileValueSource] for class [io.cryptex.ms.wrapper.ripple.api.TransactionControllerTest]
21:52:03.871 [Test worker] DEBUG org.springframework.test.context.support.TestPropertySourceUtils - Adding inlined properties to environment: {spring.jmx.enabled=false, org.springframework.boot.test.context.SpringBootTestContextBootstrapper=true, server.port=-1}
==================================================
      		wrapper-ripple
==================================================
Application Version : 
Application Formatted Version : 
Application Title : 
Spring Boot Version : 2.2.0.RELEASE
Spring Boot Formatted Version :  (v2.2.0.RELEASE)
==================================================
]]></system-out>
  <system-err><![CDATA[]]></system-err>
</testsuite>
