<?xml version="1.0" encoding="UTF-8"?>
<testsuite name="io.cryptex.ms.wrapper.ripple.converter.RippleBalanceConverterTest" tests="2" skipped="0" failures="0" errors="0" timestamp="2020-01-14T19:52:03" hostname="MacBook-Pro-Pasha.local" time="0.069">
  <properties/>
  <testcase name="shouldRippleBalanceConvertToAtomicUnitsRequestBeEqualsToExpectedResponse" classname="io.cryptex.ms.wrapper.ripple.converter.RippleBalanceConverterTest" time="0.066"/>
  <testcase name="shouldRippleBalanceConvertToDecimalRequestBeEqualsToExpectedResponse" classname="io.cryptex.ms.wrapper.ripple.converter.RippleBalanceConverterTest" time="0.002"/>
  <system-out><![CDATA[]]></system-out>
  <system-err><![CDATA[]]></system-err>
</testsuite>
