<?xml version="1.0" encoding="UTF-8"?>
<testsuite name="io.cryptex.ms.wrapper.ripple.api.MemoControllerTest" tests="1" skipped="0" failures="0" errors="0" timestamp="2020-01-14T19:52:06" hostname="MacBook-Pro-Pasha.local" time="0.005">
  <properties/>
  <testcase name="shouldReturnMemoResponseWhenDataIsCorrectThenOk" classname="io.cryptex.ms.wrapper.ripple.api.MemoControllerTest" time="0.005"/>
  <system-out><![CDATA[]]></system-out>
  <system-err><![CDATA[]]></system-err>
</testsuite>
