<?xml version="1.0" encoding="UTF-8"?>
<testsuite name="io.cryptex.ms.wrapper.ripple.api.WithdrawControllerTest" tests="2" skipped="0" failures="0" errors="0" timestamp="2020-01-14T19:52:06" hostname="MacBook-Pro-Pasha.local" time="0.084">
  <properties/>
  <testcase name="shouldThrowRuntimeExceptionWhenHttpStatusIs4xxThenOk" classname="io.cryptex.ms.wrapper.ripple.api.WithdrawControllerTest" time="0.071"/>
  <testcase name="shouldReturnWithdrawResponseWhenDataIsCorrectThenOk" classname="io.cryptex.ms.wrapper.ripple.api.WithdrawControllerTest" time="0.012"/>
  <system-out><![CDATA[==================================================
      		wrapper-ripple
==================================================
Application Version : 
Application Formatted Version : 
Application Title : 
Spring Boot Version : 2.2.0.RELEASE
Spring Boot Formatted Version :  (v2.2.0.RELEASE)
==================================================
2020-01-14 21:52:06 [Test worker] ERROR i.c.m.w.r.e.GlobalControllerExceptionHandler - /api/wrapper/withdraw?null
org.springframework.web.util.NestedServletException: Handler dispatch failed; nested exception is java.lang.AssertionError: Request content expected:<{"method":"submit","params":[{"tx_blob":"1200002400000018614000000000E4E1C068400000000000000A73210296BFE89289E1CA79B0A0C602CBB0207CEC7DF05B4BE142E54354DF0A3002F889744730450221009C8D2ABE902A9C6D4503AC0BDECD9A83657CF64B5F72A69796CF35478049E55F02203A4836E954C55EAAA82403EDDB4DD931FA7D5722A17C66AFD6F76BA7762751EE8114F0A4FB8574430D2CA82FC19169F36658F8F657BC8314D26DDB4F53091BBE15C1A2D8D81649C88672DF4FF9EA7D204A4E7C7081289FC683A96E6AEB68A5C8D96C42A5848C0292A746B24B0F306A72E1F1"}]}> but was:<{"method":"submit","params":[{"tx_blob":null}]}>
	at org.springframework.web.servlet.DispatcherServlet.doDispatch(DispatcherServlet.java:1055)
	at org.springframework.web.servlet.DispatcherServlet.doService(DispatcherServlet.java:943)
	at org.springframework.web.servlet.FrameworkServlet.processRequest(FrameworkServlet.java:1006)
	at org.springframework.web.servlet.FrameworkServlet.doPost(FrameworkServlet.java:909)
	at javax.servlet.http.HttpServlet.service(HttpServlet.java:660)
	at org.springframework.web.servlet.FrameworkServlet.service(FrameworkServlet.java:883)
	at org.springframework.test.web.servlet.TestDispatcherServlet.service(TestDispatcherServlet.java:72)
	at javax.servlet.http.HttpServlet.service(HttpServlet.java:741)
	at org.springframework.mock.web.MockFilterChain$ServletFilterProxy.doFilter(MockFilterChain.java:167)
	at org.springframework.mock.web.MockFilterChain.doFilter(MockFilterChain.java:134)
	at org.springframework.test.web.servlet.MockMvc.perform(MockMvc.java:183)
	at io.cryptex.ms.wrapper.ripple.api.BasicApiTest.performPostInteraction(BasicApiTest.java:63)
	at io.cryptex.ms.wrapper.ripple.api.WithdrawControllerTest.shouldThrowRuntimeExceptionWhenHttpStatusIs4xxThenOk(WithdrawControllerTest.java:84)
	at java.base/jdk.internal.reflect.NativeMethodAccessorImpl.invoke0(Native Method)
	at java.base/jdk.internal.reflect.NativeMethodAccessorImpl.invoke(NativeMethodAccessorImpl.java:62)
	at java.base/jdk.internal.reflect.DelegatingMethodAccessorImpl.invoke(DelegatingMethodAccessorImpl.java:43)
	at java.base/java.lang.reflect.Method.invoke(Method.java:567)
	at org.junit.runners.model.FrameworkMethod$1.runReflectiveCall(FrameworkMethod.java:50)
	at org.junit.internal.runners.model.ReflectiveCallable.run(ReflectiveCallable.java:12)
	at org.junit.runners.model.FrameworkMethod.invokeExplosively(FrameworkMethod.java:47)
	at org.junit.internal.runners.statements.InvokeMethod.evaluate(InvokeMethod.java:17)
	at org.springframework.test.context.junit4.statements.RunBeforeTestExecutionCallbacks.evaluate(RunBeforeTestExecutionCallbacks.java:74)
	at org.springframework.test.context.junit4.statements.RunAfterTestExecutionCallbacks.evaluate(RunAfterTestExecutionCallbacks.java:84)
	at org.junit.internal.runners.statements.RunBefores.evaluate(RunBefores.java:26)
	at org.springframework.test.context.junit4.statements.RunBeforeTestMethodCallbacks.evaluate(RunBeforeTestMethodCallbacks.java:75)
	at org.springframework.test.context.junit4.statements.RunAfterTestMethodCallbacks.evaluate(RunAfterTestMethodCallbacks.java:86)
	at org.springframework.test.context.junit4.statements.SpringRepeat.evaluate(SpringRepeat.java:84)
	at org.junit.runners.ParentRunner.runLeaf(ParentRunner.java:325)
	at org.springframework.test.context.junit4.SpringJUnit4ClassRunner.runChild(SpringJUnit4ClassRunner.java:251)
	at org.springframework.test.context.junit4.SpringJUnit4ClassRunner.runChild(SpringJUnit4ClassRunner.java:97)
	at org.junit.runners.ParentRunner$3.run(ParentRunner.java:290)
	at org.junit.runners.ParentRunner$1.schedule(ParentRunner.java:71)
	at org.junit.runners.ParentRunner.runChildren(ParentRunner.java:288)
	at org.junit.runners.ParentRunner.access$000(ParentRunner.java:58)
	at org.junit.runners.ParentRunner$2.evaluate(ParentRunner.java:268)
	at org.springframework.test.context.junit4.statements.RunBeforeTestClassCallbacks.evaluate(RunBeforeTestClassCallbacks.java:61)
	at org.springframework.test.context.junit4.statements.RunAfterTestClassCallbacks.evaluate(RunAfterTestClassCallbacks.java:70)
	at org.junit.runners.ParentRunner.run(ParentRunner.java:363)
	at org.springframework.test.context.junit4.SpringJUnit4ClassRunner.run(SpringJUnit4ClassRunner.java:190)
	at org.gradle.api.internal.tasks.testing.junit.JUnitTestClassExecutor.runTestClass(JUnitTestClassExecutor.java:110)
	at org.gradle.api.internal.tasks.testing.junit.JUnitTestClassExecutor.execute(JUnitTestClassExecutor.java:58)
	at org.gradle.api.internal.tasks.testing.junit.JUnitTestClassExecutor.execute(JUnitTestClassExecutor.java:38)
	at org.gradle.api.internal.tasks.testing.junit.AbstractJUnitTestClassProcessor.processTestClass(AbstractJUnitTestClassProcessor.java:62)
	at org.gradle.api.internal.tasks.testing.SuiteTestClassProcessor.processTestClass(SuiteTestClassProcessor.java:51)
	at java.base/jdk.internal.reflect.NativeMethodAccessorImpl.invoke0(Native Method)
	at java.base/jdk.internal.reflect.NativeMethodAccessorImpl.invoke(NativeMethodAccessorImpl.java:62)
	at java.base/jdk.internal.reflect.DelegatingMethodAccessorImpl.invoke(DelegatingMethodAccessorImpl.java:43)
	at java.base/java.lang.reflect.Method.invoke(Method.java:567)
	at org.gradle.internal.dispatch.ReflectionDispatch.dispatch(ReflectionDispatch.java:36)
	at org.gradle.internal.dispatch.ReflectionDispatch.dispatch(ReflectionDispatch.java:24)
	at org.gradle.internal.dispatch.ContextClassLoaderDispatch.dispatch(ContextClassLoaderDispatch.java:33)
	at org.gradle.internal.dispatch.ProxyDispatchAdapter$DispatchingInvocationHandler.invoke(ProxyDispatchAdapter.java:94)
	at com.sun.proxy.$Proxy2.processTestClass(Unknown Source)
	at org.gradle.api.internal.tasks.testing.worker.TestWorker.processTestClass(TestWorker.java:118)
	at java.base/jdk.internal.reflect.NativeMethodAccessorImpl.invoke0(Native Method)
	at java.base/jdk.internal.reflect.NativeMethodAccessorImpl.invoke(NativeMethodAccessorImpl.java:62)
	at java.base/jdk.internal.reflect.DelegatingMethodAccessorImpl.invoke(DelegatingMethodAccessorImpl.java:43)
	at java.base/java.lang.reflect.Method.invoke(Method.java:567)
	at org.gradle.internal.dispatch.ReflectionDispatch.dispatch(ReflectionDispatch.java:36)
	at org.gradle.internal.dispatch.ReflectionDispatch.dispatch(ReflectionDispatch.java:24)
	at org.gradle.internal.remote.internal.hub.MessageHubBackedObjectConnection$DispatchWrapper.dispatch(MessageHubBackedObjectConnection.java:182)
	at org.gradle.internal.remote.internal.hub.MessageHubBackedObjectConnection$DispatchWrapper.dispatch(MessageHubBackedObjectConnection.java:164)
	at org.gradle.internal.remote.internal.hub.MessageHub$Handler.run(MessageHub.java:412)
	at org.gradle.internal.concurrent.ExecutorPolicy$CatchAndRecordFailures.onExecute(ExecutorPolicy.java:64)
	at org.gradle.internal.concurrent.ManagedExecutorImpl$1.run(ManagedExecutorImpl.java:48)
	at java.base/java.util.concurrent.ThreadPoolExecutor.runWorker(ThreadPoolExecutor.java:1128)
	at java.base/java.util.concurrent.ThreadPoolExecutor$Worker.run(ThreadPoolExecutor.java:628)
	at org.gradle.internal.concurrent.ThreadFactoryImpl$ManagedThreadRunnable.run(ThreadFactoryImpl.java:56)
	at java.base/java.lang.Thread.run(Thread.java:835)
Caused by: java.lang.AssertionError: Request content expected:<{"method":"submit","params":[{"tx_blob":"1200002400000018614000000000E4E1C068400000000000000A73210296BFE89289E1CA79B0A0C602CBB0207CEC7DF05B4BE142E54354DF0A3002F889744730450221009C8D2ABE902A9C6D4503AC0BDECD9A83657CF64B5F72A69796CF35478049E55F02203A4836E954C55EAAA82403EDDB4DD931FA7D5722A17C66AFD6F76BA7762751EE8114F0A4FB8574430D2CA82FC19169F36658F8F657BC8314D26DDB4F53091BBE15C1A2D8D81649C88672DF4FF9EA7D204A4E7C7081289FC683A96E6AEB68A5C8D96C42A5848C0292A746B24B0F306A72E1F1"}]}> but was:<{"method":"submit","params":[{"tx_blob":null}]}>
	at org.springframework.test.util.AssertionErrors.fail(AssertionErrors.java:59)
	at org.springframework.test.util.AssertionErrors.assertEquals(AssertionErrors.java:98)
	at org.springframework.test.web.client.match.ContentRequestMatchers.lambda$string$3(ContentRequestMatchers.java:125)
	at org.springframework.test.web.client.DefaultRequestExpectation.match(DefaultRequestExpectation.java:87)
	at org.springframework.test.web.client.SimpleRequestExpectationManager.matchRequest(SimpleRequestExpectationManager.java:62)
	at org.springframework.test.web.client.AbstractRequestExpectationManager.validateRequest(AbstractRequestExpectationManager.java:96)
	at org.springframework.test.web.client.MockRestServiceServer$MockClientHttpRequestFactory$1.executeInternal(MockRestServiceServer.java:324)
	at org.springframework.mock.http.client.MockClientHttpRequest.execute(MockClientHttpRequest.java:110)
	at org.springframework.web.client.RestTemplate.doExecute(RestTemplate.java:742)
	at org.springframework.web.client.RestTemplate.execute(RestTemplate.java:717)
	at org.springframework.web.client.RestTemplate.postForEntity(RestTemplate.java:470)
	at io.cryptex.ms.wrapper.ripple.integration.blockchain.rest.RippleCommunicationServiceImpl.withdraw(RippleCommunicationServiceImpl.java:55)
	at io.cryptex.ms.wrapper.ripple.service.RippleServiceImpl.withdraw(RippleServiceImpl.java:89)
	at io.cryptex.ms.wrapper.ripple.web.controller.WithdrawController.withdraw(WithdrawController.java:26)
	at java.base/jdk.internal.reflect.NativeMethodAccessorImpl.invoke0(Native Method)
	at java.base/jdk.internal.reflect.NativeMethodAccessorImpl.invoke(NativeMethodAccessorImpl.java:62)
	at java.base/jdk.internal.reflect.DelegatingMethodAccessorImpl.invoke(DelegatingMethodAccessorImpl.java:43)
	at java.base/java.lang.reflect.Method.invoke(Method.java:567)
	at org.springframework.web.method.support.InvocableHandlerMethod.doInvoke(InvocableHandlerMethod.java:190)
	at org.springframework.web.method.support.InvocableHandlerMethod.invokeForRequest(InvocableHandlerMethod.java:138)
	at org.springframework.web.servlet.mvc.method.annotation.ServletInvocableHandlerMethod.invokeAndHandle(ServletInvocableHandlerMethod.java:106)
	at org.springframework.web.servlet.mvc.method.annotation.RequestMappingHandlerAdapter.invokeHandlerMethod(RequestMappingHandlerAdapter.java:888)
	at org.springframework.web.servlet.mvc.method.annotation.RequestMappingHandlerAdapter.handleInternal(RequestMappingHandlerAdapter.java:793)
	at org.springframework.web.servlet.mvc.method.AbstractHandlerMethodAdapter.handle(AbstractHandlerMethodAdapter.java:87)
	at org.springframework.web.servlet.DispatcherServlet.doDispatch(DispatcherServlet.java:1040)
	... 68 common frames omitted
]]></system-out>
  <system-err><![CDATA[]]></system-err>
</testsuite>
