<?xml version="1.0" encoding="UTF-8"?>
<testsuite name="io.cryptex.ms.wrapper.ripple.cron.TransactionSchedulerTest" tests="3" skipped="0" failures="0" errors="0" timestamp="2020-01-14T19:52:06" hostname="MacBook-Pro-Pasha.local" time="0.133">
  <properties/>
  <testcase name="shouldThrowRuntimeExceptionOnGetLastProcessedSequenceWhenExceptionEqualsToExpectedThenOk" classname="io.cryptex.ms.wrapper.ripple.cron.TransactionSchedulerTest" time="0.083"/>
  <testcase name="shouldReturnExpectedResponseTransactionScheduler" classname="io.cryptex.ms.wrapper.ripple.cron.TransactionSchedulerTest" time="0.045"/>
  <testcase name="shouldThrowRuntimeExceptionOnGetNewTrxToProcessWhenExceptionEqualsToExpectedThenOk" classname="io.cryptex.ms.wrapper.ripple.cron.TransactionSchedulerTest" time="0.005"/>
  <system-out><![CDATA[]]></system-out>
  <system-err><![CDATA[]]></system-err>
</testsuite>
